<?xml version="1.0" encoding="UTF-8"?>
<testsuite name="com.pkjohn.jhparkweb.springboot.web.HelloControllerTest" tests="2" skipped="0" failures="0" errors="0" timestamp="2022-01-31T13:51:57" hostname="LAPTOP-K9ASM004" time="0.489">
  <properties/>
  <testcase name="hello가_리턴된다" classname="com.pkjohn.jhparkweb.springboot.web.HelloControllerTest" time="0.417"/>
  <testcase name="helloDto가_리턴된다" classname="com.pkjohn.jhparkweb.springboot.web.HelloControllerTest" time="0.071"/>
  <system-out><![CDATA[22:51:54.241 [Test worker] DEBUG org.springframework.test.context.junit4.SpringJUnit4ClassRunner - SpringJUnit4ClassRunner constructor called with [class com.pkjohn.jhparkweb.springboot.web.HelloControllerTest]
22:51:54.252 [Test worker] DEBUG org.springframework.test.context.BootstrapUtils - Instantiating CacheAwareContextLoaderDelegate from class [org.springframework.test.context.cache.DefaultCacheAwareContextLoaderDelegate]
22:51:54.262 [Test worker] DEBUG org.springframework.test.context.BootstrapUtils - Instantiating BootstrapContext using constructor [public org.springframework.test.context.support.DefaultBootstrapContext(java.lang.Class,org.springframework.test.context.CacheAwareContextLoaderDelegate)]
22:51:54.281 [Test worker] DEBUG org.springframework.test.context.BootstrapUtils - Instantiating TestContextBootstrapper for test class [com.pkjohn.jhparkweb.springboot.web.HelloControllerTest] from class [org.springframework.boot.test.autoconfigure.web.servlet.WebMvcTestContextBootstrapper]
22:51:54.304 [Test worker] INFO org.springframework.boot.test.autoconfigure.web.servlet.WebMvcTestContextBootstrapper - Neither @ContextConfiguration nor @ContextHierarchy found for test class [com.pkjohn.jhparkweb.springboot.web.HelloControllerTest], using SpringBootContextLoader
22:51:54.309 [Test worker] DEBUG org.springframework.test.context.support.AbstractContextLoader - Did not detect default resource location for test class [com.pkjohn.jhparkweb.springboot.web.HelloControllerTest]: class path resource [com/pkjohn/jhparkweb/springboot/web/HelloControllerTest-context.xml] does not exist
22:51:54.310 [Test worker] DEBUG org.springframework.test.context.support.AbstractContextLoader - Did not detect default resource location for test class [com.pkjohn.jhparkweb.springboot.web.HelloControllerTest]: class path resource [com/pkjohn/jhparkweb/springboot/web/HelloControllerTestContext.groovy] does not exist
22:51:54.311 [Test worker] INFO org.springframework.test.context.support.AbstractContextLoader - Could not detect default resource locations for test class [com.pkjohn.jhparkweb.springboot.web.HelloControllerTest]: no resource found for suffixes {-context.xml, Context.groovy}.
22:51:54.312 [Test worker] INFO org.springframework.test.context.support.AnnotationConfigContextLoaderUtils - Could not detect default configuration classes for test class [com.pkjohn.jhparkweb.springboot.web.HelloControllerTest]: HelloControllerTest does not declare any static, non-private, non-final, nested classes annotated with @Configuration.
22:51:54.391 [Test worker] DEBUG org.springframework.test.context.support.ActiveProfilesUtils - Could not find an 'annotation declaring class' for annotation type [org.springframework.test.context.ActiveProfiles] and class [com.pkjohn.jhparkweb.springboot.web.HelloControllerTest]
22:51:54.487 [Test worker] DEBUG org.springframework.context.annotation.ClassPathScanningCandidateComponentProvider - Identified candidate component class: file [D:\study\jhparkweb\build\classes\java\main\com\pkjohn\jhparkweb\springboot\Application.class]
22:51:54.489 [Test worker] INFO org.springframework.boot.test.context.SpringBootTestContextBootstrapper - Found @SpringBootConfiguration com.pkjohn.jhparkweb.springboot.Application for test class com.pkjohn.jhparkweb.springboot.web.HelloControllerTest
22:51:54.491 [Test worker] DEBUG org.springframework.boot.test.autoconfigure.web.servlet.WebMvcTestContextBootstrapper - @TestExecutionListeners is not present for class [com.pkjohn.jhparkweb.springboot.web.HelloControllerTest]: using defaults.
22:51:54.492 [Test worker] INFO org.springframework.boot.test.autoconfigure.web.servlet.WebMvcTestContextBootstrapper - Loaded default TestExecutionListener class names from location [META-INF/spring.factories]: [org.springframework.security.test.context.support.WithSecurityContextTestExecutionListener, org.springframework.security.test.context.support.ReactorContextTestExecutionListener, org.springframework.boot.test.autoconfigure.restdocs.RestDocsTestExecutionListener, org.springframework.boot.test.autoconfigure.web.client.MockRestServiceServerResetTestExecutionListener, org.springframework.boot.test.autoconfigure.web.servlet.MockMvcPrintOnlyOnFailureTestExecutionListener, org.springframework.boot.test.autoconfigure.web.servlet.WebDriverTestExecutionListener, org.springframework.boot.test.mock.mockito.MockitoTestExecutionListener, org.springframework.boot.test.mock.mockito.ResetMocksTestExecutionListener, org.springframework.test.context.web.ServletTestExecutionListener, org.springframework.test.context.support.DirtiesContextBeforeModesTestExecutionListener, org.springframework.test.context.support.DependencyInjectionTestExecutionListener, org.springframework.test.context.support.DirtiesContextTestExecutionListener, org.springframework.test.context.transaction.TransactionalTestExecutionListener, org.springframework.test.context.jdbc.SqlScriptsTestExecutionListener]
22:51:54.517 [Test worker] INFO org.springframework.boot.test.autoconfigure.web.servlet.WebMvcTestContextBootstrapper - Using TestExecutionListeners: [org.springframework.test.context.web.ServletTestExecutionListener@691451c9, org.springframework.test.context.support.DirtiesContextBeforeModesTestExecutionListener@7ae4aa96, org.springframework.boot.test.mock.mockito.MockitoTestExecutionListener@5d6850b8, org.springframework.boot.test.autoconfigure.SpringBootDependencyInjectionTestExecutionListener@4d9e59e, org.springframework.test.context.support.DirtiesContextTestExecutionListener@4f0876d5, org.springframework.test.context.transaction.TransactionalTestExecutionListener@1067c5b8, org.springframework.test.context.jdbc.SqlScriptsTestExecutionListener@f95ba9c, org.springframework.security.test.context.support.WithSecurityContextTestExecutionListener@442b5be5, org.springframework.security.test.context.support.ReactorContextTestExecutionListener@4819336b, org.springframework.boot.test.autoconfigure.restdocs.RestDocsTestExecutionListener@667d65d5, org.springframework.boot.test.autoconfigure.web.client.MockRestServiceServerResetTestExecutionListener@449e62dc, org.springframework.boot.test.autoconfigure.web.servlet.MockMvcPrintOnlyOnFailureTestExecutionListener@5a74edd9, org.springframework.boot.test.autoconfigure.web.servlet.WebDriverTestExecutionListener@5bf70f97, org.springframework.boot.test.mock.mockito.ResetMocksTestExecutionListener@56a99af1]
22:51:54.526 [Test worker] DEBUG org.springframework.test.annotation.ProfileValueUtils - Retrieved @ProfileValueSourceConfiguration [null] for test class [com.pkjohn.jhparkweb.springboot.web.HelloControllerTest]
22:51:54.528 [Test worker] DEBUG org.springframework.test.annotation.ProfileValueUtils - Retrieved ProfileValueSource type [class org.springframework.test.annotation.SystemProfileValueSource] for class [com.pkjohn.jhparkweb.springboot.web.HelloControllerTest]
22:51:54.529 [Test worker] DEBUG org.springframework.test.annotation.ProfileValueUtils - Retrieved @ProfileValueSourceConfiguration [null] for test class [com.pkjohn.jhparkweb.springboot.web.HelloControllerTest]
22:51:54.529 [Test worker] DEBUG org.springframework.test.annotation.ProfileValueUtils - Retrieved ProfileValueSource type [class org.springframework.test.annotation.SystemProfileValueSource] for class [com.pkjohn.jhparkweb.springboot.web.HelloControllerTest]
22:51:54.535 [Test worker] DEBUG org.springframework.test.context.support.AbstractDirtiesContextTestExecutionListener - Before test class: context [DefaultTestContext@76d82123 testClass = HelloControllerTest, testInstance = [null], testMethod = [null], testException = [null], mergedContextConfiguration = [WebMergedContextConfiguration@43d48c0 testClass = HelloControllerTest, locations = '{}', classes = '{class com.pkjohn.jhparkweb.springboot.Application}', contextInitializerClasses = '[]', activeProfiles = '{}', propertySourceLocations = '{}', propertySourceProperties = '{org.springframework.boot.test.autoconfigure.web.servlet.WebMvcTestContextBootstrapper=true}', contextCustomizers = set[org.springframework.boot.test.autoconfigure.OverrideAutoConfigurationContextCustomizerFactory$DisableAutoConfigurationContextCustomizer@51899204, org.springframework.boot.test.autoconfigure.filter.TypeExcludeFiltersContextCustomizer@2fb293b2, org.springframework.boot.test.autoconfigure.properties.PropertyMappingContextCustomizer@d855b09d, org.springframework.boot.test.autoconfigure.web.servlet.WebDriverContextCustomizerFactory$Customizer@59415637, [ImportsContextCustomizer@79787e70 key = [org.springframework.boot.autoconfigure.cache.CacheAutoConfiguration, org.springframework.boot.autoconfigure.context.MessageSourceAutoConfiguration, org.springframework.boot.autoconfigure.data.web.SpringDataWebAutoConfiguration, org.springframework.boot.autoconfigure.freemarker.FreeMarkerAutoConfiguration, org.springframework.boot.autoconfigure.groovy.template.GroovyTemplateAutoConfiguration, org.springframework.boot.autoconfigure.gson.GsonAutoConfiguration, org.springframework.boot.autoconfigure.hateoas.HypermediaAutoConfiguration, org.springframework.boot.autoconfigure.http.HttpMessageConvertersAutoConfiguration, org.springframework.boot.autoconfigure.jackson.JacksonAutoConfiguration, org.springframework.boot.autoconfigure.jsonb.JsonbAutoConfiguration, org.springframework.boot.autoconfigure.mustache.MustacheAutoConfiguration, org.springframework.boot.autoconfigure.task.TaskExecutionAutoConfiguration, org.springframework.boot.autoconfigure.thymeleaf.ThymeleafAutoConfiguration, org.springframework.boot.autoconfigure.validation.ValidationAutoConfiguration, org.springframework.boot.autoconfigure.web.servlet.error.ErrorMvcAutoConfiguration, org.springframework.boot.autoconfigure.web.servlet.WebMvcAutoConfiguration, org.springframework.boot.test.autoconfigure.web.servlet.MockMvcAutoConfiguration, org.springframework.boot.test.autoconfigure.web.servlet.MockMvcSecurityAutoConfiguration, org.springframework.boot.test.autoconfigure.web.servlet.MockMvcWebClientAutoConfiguration, org.springframework.boot.test.autoconfigure.web.servlet.MockMvcWebDriverAutoConfiguration]], org.springframework.boot.test.context.filter.ExcludeFilterContextCustomizer@2540839d, org.springframework.boot.test.json.DuplicateJsonObjectContextCustomizerFactory$DuplicateJsonObjectContextCustomizer@102292f2, org.springframework.boot.test.mock.mockito.MockitoContextCustomizer@0], resourceBasePath = 'src/main/webapp', contextLoader = 'org.springframework.boot.test.context.SpringBootContextLoader', parent = [null]], attributes = map[[empty]]], class annotated with @DirtiesContext [false] with mode [null].
22:51:54.536 [Test worker] DEBUG org.springframework.test.annotation.ProfileValueUtils - Retrieved @ProfileValueSourceConfiguration [null] for test class [com.pkjohn.jhparkweb.springboot.web.HelloControllerTest]
22:51:54.536 [Test worker] DEBUG org.springframework.test.annotation.ProfileValueUtils - Retrieved ProfileValueSource type [class org.springframework.test.annotation.SystemProfileValueSource] for class [com.pkjohn.jhparkweb.springboot.web.HelloControllerTest]
22:51:54.541 [Test worker] DEBUG org.springframework.test.context.support.DependencyInjectionTestExecutionListener - Performing dependency injection for test context [[DefaultTestContext@76d82123 testClass = HelloControllerTest, testInstance = com.pkjohn.jhparkweb.springboot.web.HelloControllerTest@4e86ac94, testMethod = [null], testException = [null], mergedContextConfiguration = [WebMergedContextConfiguration@43d48c0 testClass = HelloControllerTest, locations = '{}', classes = '{class com.pkjohn.jhparkweb.springboot.Application}', contextInitializerClasses = '[]', activeProfiles = '{}', propertySourceLocations = '{}', propertySourceProperties = '{org.springframework.boot.test.autoconfigure.web.servlet.WebMvcTestContextBootstrapper=true}', contextCustomizers = set[org.springframework.boot.test.autoconfigure.OverrideAutoConfigurationContextCustomizerFactory$DisableAutoConfigurationContextCustomizer@51899204, org.springframework.boot.test.autoconfigure.filter.TypeExcludeFiltersContextCustomizer@2fb293b2, org.springframework.boot.test.autoconfigure.properties.PropertyMappingContextCustomizer@d855b09d, org.springframework.boot.test.autoconfigure.web.servlet.WebDriverContextCustomizerFactory$Customizer@59415637, [ImportsContextCustomizer@79787e70 key = [org.springframework.boot.autoconfigure.cache.CacheAutoConfiguration, org.springframework.boot.autoconfigure.context.MessageSourceAutoConfiguration, org.springframework.boot.autoconfigure.data.web.SpringDataWebAutoConfiguration, org.springframework.boot.autoconfigure.freemarker.FreeMarkerAutoConfiguration, org.springframework.boot.autoconfigure.groovy.template.GroovyTemplateAutoConfiguration, org.springframework.boot.autoconfigure.gson.GsonAutoConfiguration, org.springframework.boot.autoconfigure.hateoas.HypermediaAutoConfiguration, org.springframework.boot.autoconfigure.http.HttpMessageConvertersAutoConfiguration, org.springframework.boot.autoconfigure.jackson.JacksonAutoConfiguration, org.springframework.boot.autoconfigure.jsonb.JsonbAutoConfiguration, org.springframework.boot.autoconfigure.mustache.MustacheAutoConfiguration, org.springframework.boot.autoconfigure.task.TaskExecutionAutoConfiguration, org.springframework.boot.autoconfigure.thymeleaf.ThymeleafAutoConfiguration, org.springframework.boot.autoconfigure.validation.ValidationAutoConfiguration, org.springframework.boot.autoconfigure.web.servlet.error.ErrorMvcAutoConfiguration, org.springframework.boot.autoconfigure.web.servlet.WebMvcAutoConfiguration, org.springframework.boot.test.autoconfigure.web.servlet.MockMvcAutoConfiguration, org.springframework.boot.test.autoconfigure.web.servlet.MockMvcSecurityAutoConfiguration, org.springframework.boot.test.autoconfigure.web.servlet.MockMvcWebClientAutoConfiguration, org.springframework.boot.test.autoconfigure.web.servlet.MockMvcWebDriverAutoConfiguration]], org.springframework.boot.test.context.filter.ExcludeFilterContextCustomizer@2540839d, org.springframework.boot.test.json.DuplicateJsonObjectContextCustomizerFactory$DuplicateJsonObjectContextCustomizer@102292f2, org.springframework.boot.test.mock.mockito.MockitoContextCustomizer@0], resourceBasePath = 'src/main/webapp', contextLoader = 'org.springframework.boot.test.context.SpringBootContextLoader', parent = [null]], attributes = map[[empty]]]].
22:51:54.654 [Test worker] DEBUG org.springframework.test.context.support.TestPropertySourceUtils - Adding inlined properties to environment: {spring.jmx.enabled=false, org.springframework.boot.test.autoconfigure.web.servlet.WebMvcTestContextBootstrapper=true, server.port=-1}

  .   ____          _            __ _ _
 /\\ / ___'_ __ _ _(_)_ __  __ _ \ \ \ \
( ( )\___ | '_ | '_| | '_ \/ _` | \ \ \ \
 \\/  ___)| |_)| | | | | || (_| |  ) ) ) )
  '  |____| .__|_| |_|_| |_\__, | / / / /
 =========|_|==============|___/=/_/_/_/
 :: Spring Boot ::        (v2.1.9.RELEASE)

2022-01-31 22:51:54.978  INFO 5140 --- [    Test worker] c.p.j.s.web.HelloControllerTest          : Starting HelloControllerTest on LAPTOP-K9ASM004 with PID 5140 (started by pkjoh in D:\study\jhparkweb)
2022-01-31 22:51:54.982  INFO 5140 --- [    Test worker] c.p.j.s.web.HelloControllerTest          : No active profile set, falling back to default profiles: default
2022-01-31 22:51:56.524  INFO 5140 --- [    Test worker] o.s.s.concurrent.ThreadPoolTaskExecutor  : Initializing ExecutorService 'applicationTaskExecutor'
2022-01-31 22:51:56.618  INFO 5140 --- [    Test worker] o.s.b.a.w.s.WelcomePageHandlerMapping    : Adding welcome page template: index
2022-01-31 22:51:56.908  INFO 5140 --- [    Test worker] .s.s.UserDetailsServiceAutoConfiguration : 

Using generated security password: a27df3f9-50d1-45dc-a137-5b80f4d484f4

2022-01-31 22:51:57.114  INFO 5140 --- [    Test worker] o.s.s.web.DefaultSecurityFilterChain     : Creating filter chain: any request, [org.springframework.security.web.context.request.async.WebAsyncManagerIntegrationFilter@4b9f0384, org.springframework.security.web.context.SecurityContextPersistenceFilter@124f6b2d, org.springframework.security.web.header.HeaderWriterFilter@34bb080d, org.springframework.security.web.csrf.CsrfFilter@40266365, org.springframework.security.web.authentication.logout.LogoutFilter@7ae1c8da, org.springframework.security.web.authentication.UsernamePasswordAuthenticationFilter@598ccca8, org.springframework.security.web.authentication.ui.DefaultLoginPageGeneratingFilter@7521130b, org.springframework.security.web.authentication.ui.DefaultLogoutPageGeneratingFilter@103d70c7, org.springframework.security.web.authentication.www.BasicAuthenticationFilter@2dffdb78, org.springframework.security.web.savedrequest.RequestCacheAwareFilter@58e5d9e9, org.springframework.security.web.servletapi.SecurityContextHolderAwareRequestFilter@16c0e866, org.springframework.security.web.authentication.AnonymousAuthenticationFilter@2122d3eb, org.springframework.security.web.session.SessionManagementFilter@1aa26c9c, org.springframework.security.web.access.ExceptionTranslationFilter@6f5a4a26, org.springframework.security.web.access.intercept.FilterSecurityInterceptor@271b58f7]
2022-01-31 22:51:57.163  INFO 5140 --- [    Test worker] o.s.b.t.m.w.SpringBootMockServletContext : Initializing Spring TestDispatcherServlet ''
2022-01-31 22:51:57.163  INFO 5140 --- [    Test worker] o.s.t.web.servlet.TestDispatcherServlet  : Initializing Servlet ''
2022-01-31 22:51:57.176  INFO 5140 --- [    Test worker] o.s.t.web.servlet.TestDispatcherServlet  : Completed initialization in 13 ms
2022-01-31 22:51:57.225  INFO 5140 --- [    Test worker] c.p.j.s.web.HelloControllerTest          : Started HelloControllerTest in 2.56 seconds (JVM running for 3.99)
]]></system-out>
  <system-err><![CDATA[]]></system-err>
</testsuite>
