<?xml version="1.0" encoding="UTF-8"?>
<testsuite name="com.pkjohn.jhparkweb.springboot.domain.posts.PostsRepositoryTest" tests="2" skipped="0" failures="0" errors="0" timestamp="2022-01-27T11:30:15" hostname="LAPTOP-K9ASM004" time="0.243">
  <properties/>
  <testcase name="게시글저장_불러오기" classname="com.pkjohn.jhparkweb.springboot.domain.posts.PostsRepositoryTest" time="0.163"/>
  <testcase name="BaseTimeEntity_등록" classname="com.pkjohn.jhparkweb.springboot.domain.posts.PostsRepositoryTest" time="0.079"/>
  <system-out><![CDATA[2022-01-27 20:30:10.595  INFO 5224 --- [    Test worker] .b.t.c.SpringBootTestContextBootstrapper : Neither @ContextConfiguration nor @ContextHierarchy found for test class [com.pkjohn.jhparkweb.springboot.domain.posts.PostsRepositoryTest], using SpringBootContextLoader
2022-01-27 20:30:10.596  INFO 5224 --- [    Test worker] o.s.t.c.support.AbstractContextLoader    : Could not detect default resource locations for test class [com.pkjohn.jhparkweb.springboot.domain.posts.PostsRepositoryTest]: no resource found for suffixes {-context.xml, Context.groovy}.
2022-01-27 20:30:10.597  INFO 5224 --- [    Test worker] t.c.s.AnnotationConfigContextLoaderUtils : Could not detect default configuration classes for test class [com.pkjohn.jhparkweb.springboot.domain.posts.PostsRepositoryTest]: PostsRepositoryTest does not declare any static, non-private, non-final, nested classes annotated with @Configuration.
2022-01-27 20:30:10.611  INFO 5224 --- [    Test worker] .b.t.c.SpringBootTestContextBootstrapper : Found @SpringBootConfiguration com.pkjohn.jhparkweb.springboot.Application for test class com.pkjohn.jhparkweb.springboot.domain.posts.PostsRepositoryTest
2022-01-27 20:30:10.613  INFO 5224 --- [    Test worker] .b.t.c.SpringBootTestContextBootstrapper : Loaded default TestExecutionListener class names from location [META-INF/spring.factories]: [org.springframework.security.test.context.support.WithSecurityContextTestExecutionListener, org.springframework.security.test.context.support.ReactorContextTestExecutionListener, org.springframework.boot.test.autoconfigure.restdocs.RestDocsTestExecutionListener, org.springframework.boot.test.autoconfigure.web.client.MockRestServiceServerResetTestExecutionListener, org.springframework.boot.test.autoconfigure.web.servlet.MockMvcPrintOnlyOnFailureTestExecutionListener, org.springframework.boot.test.autoconfigure.web.servlet.WebDriverTestExecutionListener, org.springframework.boot.test.mock.mockito.MockitoTestExecutionListener, org.springframework.boot.test.mock.mockito.ResetMocksTestExecutionListener, org.springframework.test.context.web.ServletTestExecutionListener, org.springframework.test.context.support.DirtiesContextBeforeModesTestExecutionListener, org.springframework.test.context.support.DependencyInjectionTestExecutionListener, org.springframework.test.context.support.DirtiesContextTestExecutionListener, org.springframework.test.context.transaction.TransactionalTestExecutionListener, org.springframework.test.context.jdbc.SqlScriptsTestExecutionListener]
2022-01-27 20:30:10.614  INFO 5224 --- [    Test worker] .b.t.c.SpringBootTestContextBootstrapper : Using TestExecutionListeners: [org.springframework.test.context.web.ServletTestExecutionListener@2e31d4fe, org.springframework.test.context.support.DirtiesContextBeforeModesTestExecutionListener@5a6460f3, org.springframework.boot.test.mock.mockito.MockitoTestExecutionListener@12b801ea, org.springframework.boot.test.autoconfigure.SpringBootDependencyInjectionTestExecutionListener@51efb4d1, org.springframework.test.context.support.DirtiesContextTestExecutionListener@71d90c36, org.springframework.test.context.transaction.TransactionalTestExecutionListener@8c38906, org.springframework.test.context.jdbc.SqlScriptsTestExecutionListener@5a267ea5, org.springframework.security.test.context.support.WithSecurityContextTestExecutionListener@7643100c, org.springframework.security.test.context.support.ReactorContextTestExecutionListener@4fc20a4e, org.springframework.boot.test.autoconfigure.restdocs.RestDocsTestExecutionListener@5bdd2109, org.springframework.boot.test.autoconfigure.web.client.MockRestServiceServerResetTestExecutionListener@32e7af81, org.springframework.boot.test.autoconfigure.web.servlet.MockMvcPrintOnlyOnFailureTestExecutionListener@5cca0aa1, org.springframework.boot.test.autoconfigure.web.servlet.WebDriverTestExecutionListener@385eb0c, org.springframework.boot.test.mock.mockito.ResetMocksTestExecutionListener@31e2471c]

  .   ____          _            __ _ _
 /\\ / ___'_ __ _ _(_)_ __  __ _ \ \ \ \
( ( )\___ | '_ | '_| | '_ \/ _` | \ \ \ \
 \\/  ___)| |_)| | | | | || (_| |  ) ) ) )
  '  |____| .__|_| |_|_| |_\__, | / / / /
 =========|_|==============|___/=/_/_/_/
 :: Spring Boot ::        (v2.1.9.RELEASE)

2022-01-27 20:30:10.642  INFO 5224 --- [    Test worker] c.p.j.s.d.posts.PostsRepositoryTest      : Starting PostsRepositoryTest on LAPTOP-K9ASM004 with PID 5224 (started by pkjoh in D:\study\jhparkweb)
2022-01-27 20:30:10.643  INFO 5224 --- [    Test worker] c.p.j.s.d.posts.PostsRepositoryTest      : No active profile set, falling back to default profiles: default
2022-01-27 20:30:11.163  INFO 5224 --- [    Test worker] .s.d.r.c.RepositoryConfigurationDelegate : Bootstrapping Spring Data repositories in DEFAULT mode.
2022-01-27 20:30:11.274  INFO 5224 --- [    Test worker] .s.d.r.c.RepositoryConfigurationDelegate : Finished Spring Data repository scanning in 100ms. Found 2 repository interfaces.
2022-01-27 20:30:11.611  INFO 5224 --- [    Test worker] trationDelegate$BeanPostProcessorChecker : Bean 'org.springframework.transaction.annotation.ProxyTransactionManagementConfiguration' of type [org.springframework.transaction.annotation.ProxyTransactionManagementConfiguration$$EnhancerBySpringCGLIB$$6a5ed041] is not eligible for getting processed by all BeanPostProcessors (for example: not eligible for auto-proxying)
2022-01-27 20:30:11.802  INFO 5224 --- [    Test worker] com.zaxxer.hikari.HikariDataSource       : HikariPool-1 - Starting...
2022-01-27 20:30:12.027  INFO 5224 --- [    Test worker] com.zaxxer.hikari.HikariDataSource       : HikariPool-1 - Start completed.
2022-01-27 20:30:12.147  INFO 5224 --- [    Test worker] o.hibernate.jpa.internal.util.LogHelper  : HHH000204: Processing PersistenceUnitInfo [
	name: default
	...]
2022-01-27 20:30:12.257  INFO 5224 --- [    Test worker] org.hibernate.Version                    : HHH000412: Hibernate Core {5.3.12.Final}
2022-01-27 20:30:12.259  INFO 5224 --- [    Test worker] org.hibernate.cfg.Environment            : HHH000206: hibernate.properties not found
2022-01-27 20:30:12.325  INFO 5224 --- [    Test worker] o.hibernate.annotations.common.Version   : HCANN000001: Hibernate Commons Annotations {5.0.4.Final}
2022-01-27 20:30:12.554  INFO 5224 --- [    Test worker] org.hibernate.dialect.Dialect            : HHH000400: Using dialect: org.hibernate.dialect.MySQL5InnoDBDialect
Hibernate: drop table if exists posts
Hibernate: drop table if exists user
Hibernate: create table posts (id bigint not null auto_increment, create_date datetime, modified_date datetime, author varchar(255), content TEXT not null, title varchar(500) not null, primary key (id)) engine=InnoDB
Hibernate: create table user (id bigint not null auto_increment, create_date datetime, modified_date datetime, email varchar(255) not null, name varchar(255) not null, picture varchar(255), role varchar(255) not null, primary key (id)) engine=InnoDB
2022-01-27 20:30:13.237  INFO 5224 --- [    Test worker] o.h.t.schema.internal.SchemaCreatorImpl  : HHH000476: Executing import script 'org.hibernate.tool.schema.internal.exec.ScriptSourceInputNonExistentImpl@201c19f6'
2022-01-27 20:30:13.240  INFO 5224 --- [    Test worker] j.LocalContainerEntityManagerFactoryBean : Initialized JPA EntityManagerFactory for persistence unit 'default'
2022-01-27 20:30:13.799  INFO 5224 --- [    Test worker] o.h.h.i.QueryTranslatorFactoryInitiator  : HHH000397: Using ASTQueryTranslatorFactory
2022-01-27 20:30:14.146  INFO 5224 --- [    Test worker] o.s.s.web.DefaultSecurityFilterChain     : Creating filter chain: any request, [org.springframework.security.web.context.request.async.WebAsyncManagerIntegrationFilter@3e252884, org.springframework.security.web.context.SecurityContextPersistenceFilter@49b6647c, org.springframework.security.web.header.HeaderWriterFilter@a545fb9, org.springframework.security.web.authentication.logout.LogoutFilter@7ad4e3db, org.springframework.security.oauth2.client.web.OAuth2AuthorizationRequestRedirectFilter@598b5e85, org.springframework.security.oauth2.client.web.OAuth2LoginAuthenticationFilter@48a554b5, org.springframework.security.web.authentication.ui.DefaultLoginPageGeneratingFilter@3bf224, org.springframework.security.web.authentication.ui.DefaultLogoutPageGeneratingFilter@2b5e3e07, org.springframework.security.web.savedrequest.RequestCacheAwareFilter@5c075f22, org.springframework.security.web.servletapi.SecurityContextHolderAwareRequestFilter@74067a8c, org.springframework.security.web.authentication.AnonymousAuthenticationFilter@7b2d8801, org.springframework.security.web.session.SessionManagementFilter@43f6f7e7, org.springframework.security.web.access.ExceptionTranslationFilter@a13f6ee, org.springframework.security.web.access.intercept.FilterSecurityInterceptor@63350a24]
2022-01-27 20:30:14.515  INFO 5224 --- [    Test worker] o.s.s.concurrent.ThreadPoolTaskExecutor  : Initializing ExecutorService 'applicationTaskExecutor'
2022-01-27 20:30:14.534  WARN 5224 --- [    Test worker] aWebConfiguration$JpaWebMvcConfiguration : spring.jpa.open-in-view is enabled by default. Therefore, database queries may be performed during view rendering. Explicitly configure spring.jpa.open-in-view to disable this warning
2022-01-27 20:30:14.565  INFO 5224 --- [    Test worker] o.s.b.a.w.s.WelcomePageHandlerMapping    : Adding welcome page template: index
2022-01-27 20:30:15.011  INFO 5224 --- [    Test worker] s.a.ScheduledAnnotationBeanPostProcessor : No TaskScheduler/ScheduledExecutorService bean found for scheduled processing
2022-01-27 20:30:15.020  INFO 5224 --- [    Test worker] c.p.j.s.d.posts.PostsRepositoryTest      : Started PostsRepositoryTest in 4.404 seconds (JVM running for 8.73)
Hibernate: insert into posts (create_date, modified_date, author, content, title) values (?, ?, ?, ?, ?)
Hibernate: select posts0_.id as id1_0_, posts0_.create_date as create_d2_0_, posts0_.modified_date as modified3_0_, posts0_.author as author4_0_, posts0_.content as content5_0_, posts0_.title as title6_0_ from posts posts0_
Hibernate: select posts0_.id as id1_0_, posts0_.create_date as create_d2_0_, posts0_.modified_date as modified3_0_, posts0_.author as author4_0_, posts0_.content as content5_0_, posts0_.title as title6_0_ from posts posts0_
Hibernate: delete from posts where id=?
Hibernate: insert into posts (create_date, modified_date, author, content, title) values (?, ?, ?, ?, ?)
Hibernate: select posts0_.id as id1_0_, posts0_.create_date as create_d2_0_, posts0_.modified_date as modified3_0_, posts0_.author as author4_0_, posts0_.content as content5_0_, posts0_.title as title6_0_ from posts posts0_
createDate===> 2022-01-27T20:30:15.193698, modifiedDate===> 2022-01-27T20:30:15.193698
Hibernate: select posts0_.id as id1_0_, posts0_.create_date as create_d2_0_, posts0_.modified_date as modified3_0_, posts0_.author as author4_0_, posts0_.content as content5_0_, posts0_.title as title6_0_ from posts posts0_
Hibernate: delete from posts where id=?
]]></system-out>
  <system-err><![CDATA[]]></system-err>
</testsuite>
