<?xml version="1.0" encoding="UTF-8"?>
<testsuite name="com.pkjohn.jhparkweb.springboot.web.dto.HelloResponseDtoTest" tests="1" skipped="0" failures="0" errors="0" timestamp="2022-02-06T04:39:34" hostname="LAPTOP-K9ASM004" time="0.006">
  <properties/>
  <testcase name="lombok_기능_테스트" classname="com.pkjohn.jhparkweb.springboot.web.dto.HelloResponseDtoTest" time="0.006"/>
  <system-out><![CDATA[]]></system-out>
  <system-err><![CDATA[]]></system-err>
</testsuite>
