<?xml version="1.0" encoding="UTF-8"?>
<testsuite name="com.pkjohn.jhparkweb.springboot.web.IndexControllerTest" tests="1" skipped="0" failures="0" errors="0" timestamp="2022-01-27T11:30:17" hostname="LAPTOP-K9ASM004" time="0.203">
  <properties/>
  <testcase name="메인페이지_로딩" classname="com.pkjohn.jhparkweb.springboot.web.IndexControllerTest" time="0.203"/>
  <system-out><![CDATA[2022-01-27 20:30:15.280  INFO 5224 --- [    Test worker] .b.t.c.SpringBootTestContextBootstrapper : Neither @ContextConfiguration nor @ContextHierarchy found for test class [com.pkjohn.jhparkweb.springboot.web.IndexControllerTest], using SpringBootContextLoader
2022-01-27 20:30:15.280  INFO 5224 --- [    Test worker] o.s.t.c.support.AbstractContextLoader    : Could not detect default resource locations for test class [com.pkjohn.jhparkweb.springboot.web.IndexControllerTest]: no resource found for suffixes {-context.xml, Context.groovy}.
2022-01-27 20:30:15.281  INFO 5224 --- [    Test worker] t.c.s.AnnotationConfigContextLoaderUtils : Could not detect default configuration classes for test class [com.pkjohn.jhparkweb.springboot.web.IndexControllerTest]: IndexControllerTest does not declare any static, non-private, non-final, nested classes annotated with @Configuration.
2022-01-27 20:30:15.283  INFO 5224 --- [    Test worker] .b.t.c.SpringBootTestContextBootstrapper : Found @SpringBootConfiguration com.pkjohn.jhparkweb.springboot.Application for test class com.pkjohn.jhparkweb.springboot.web.IndexControllerTest
2022-01-27 20:30:15.284  INFO 5224 --- [    Test worker] .b.t.c.SpringBootTestContextBootstrapper : Loaded default TestExecutionListener class names from location [META-INF/spring.factories]: [org.springframework.security.test.context.support.WithSecurityContextTestExecutionListener, org.springframework.security.test.context.support.ReactorContextTestExecutionListener, org.springframework.boot.test.autoconfigure.restdocs.RestDocsTestExecutionListener, org.springframework.boot.test.autoconfigure.web.client.MockRestServiceServerResetTestExecutionListener, org.springframework.boot.test.autoconfigure.web.servlet.MockMvcPrintOnlyOnFailureTestExecutionListener, org.springframework.boot.test.autoconfigure.web.servlet.WebDriverTestExecutionListener, org.springframework.boot.test.mock.mockito.MockitoTestExecutionListener, org.springframework.boot.test.mock.mockito.ResetMocksTestExecutionListener, org.springframework.test.context.web.ServletTestExecutionListener, org.springframework.test.context.support.DirtiesContextBeforeModesTestExecutionListener, org.springframework.test.context.support.DependencyInjectionTestExecutionListener, org.springframework.test.context.support.DirtiesContextTestExecutionListener, org.springframework.test.context.transaction.TransactionalTestExecutionListener, org.springframework.test.context.jdbc.SqlScriptsTestExecutionListener]
2022-01-27 20:30:15.285  INFO 5224 --- [    Test worker] .b.t.c.SpringBootTestContextBootstrapper : Using TestExecutionListeners: [org.springframework.test.context.web.ServletTestExecutionListener@24769cab, org.springframework.test.context.support.DirtiesContextBeforeModesTestExecutionListener@259bedc5, org.springframework.boot.test.mock.mockito.MockitoTestExecutionListener@265523d7, org.springframework.boot.test.autoconfigure.SpringBootDependencyInjectionTestExecutionListener@547c2a4f, org.springframework.test.context.support.DirtiesContextTestExecutionListener@44ff77af, org.springframework.test.context.transaction.TransactionalTestExecutionListener@3e704f30, org.springframework.test.context.jdbc.SqlScriptsTestExecutionListener@313498b2, org.springframework.security.test.context.support.WithSecurityContextTestExecutionListener@4afe289, org.springframework.security.test.context.support.ReactorContextTestExecutionListener@3b52bfbc, org.springframework.boot.test.autoconfigure.restdocs.RestDocsTestExecutionListener@7e77e29, org.springframework.boot.test.autoconfigure.web.client.MockRestServiceServerResetTestExecutionListener@1283976f, org.springframework.boot.test.autoconfigure.web.servlet.MockMvcPrintOnlyOnFailureTestExecutionListener@69c3841c, org.springframework.boot.test.autoconfigure.web.servlet.WebDriverTestExecutionListener@47c269c7, org.springframework.boot.test.mock.mockito.ResetMocksTestExecutionListener@7b684120]

  .   ____          _            __ _ _
 /\\ / ___'_ __ _ _(_)_ __  __ _ \ \ \ \
( ( )\___ | '_ | '_| | '_ \/ _` | \ \ \ \
 \\/  ___)| |_)| | | | | || (_| |  ) ) ) )
  '  |____| .__|_| |_|_| |_\__, | / / / /
 =========|_|==============|___/=/_/_/_/
 :: Spring Boot ::        (v2.1.9.RELEASE)

2022-01-27 20:30:15.313  INFO 5224 --- [    Test worker] c.p.j.s.web.IndexControllerTest          : Starting IndexControllerTest on LAPTOP-K9ASM004 with PID 5224 (started by pkjoh in D:\study\jhparkweb)
2022-01-27 20:30:15.313  INFO 5224 --- [    Test worker] c.p.j.s.web.IndexControllerTest          : No active profile set, falling back to default profiles: default
2022-01-27 20:30:15.605  INFO 5224 --- [    Test worker] .s.d.r.c.RepositoryConfigurationDelegate : Bootstrapping Spring Data repositories in DEFAULT mode.
2022-01-27 20:30:15.646  INFO 5224 --- [    Test worker] .s.d.r.c.RepositoryConfigurationDelegate : Finished Spring Data repository scanning in 41ms. Found 2 repository interfaces.
2022-01-27 20:30:15.744  INFO 5224 --- [    Test worker] trationDelegate$BeanPostProcessorChecker : Bean 'org.springframework.transaction.annotation.ProxyTransactionManagementConfiguration' of type [org.springframework.transaction.annotation.ProxyTransactionManagementConfiguration$$EnhancerBySpringCGLIB$$6a5ed041] is not eligible for getting processed by all BeanPostProcessors (for example: not eligible for auto-proxying)
2022-01-27 20:30:16.022  INFO 5224 --- [    Test worker] o.s.b.w.embedded.tomcat.TomcatWebServer  : Tomcat initialized with port(s): 0 (http)
2022-01-27 20:30:16.059  INFO 5224 --- [    Test worker] o.apache.catalina.core.StandardService   : Starting service [Tomcat]
2022-01-27 20:30:16.060  INFO 5224 --- [    Test worker] org.apache.catalina.core.StandardEngine  : Starting Servlet engine: [Apache Tomcat/9.0.26]
2022-01-27 20:30:16.309  INFO 5224 --- [    Test worker] o.a.c.c.C.[Tomcat].[localhost].[/]       : Initializing Spring embedded WebApplicationContext
2022-01-27 20:30:16.309  INFO 5224 --- [    Test worker] o.s.web.context.ContextLoader            : Root WebApplicationContext: initialization completed in 993 ms
2022-01-27 20:30:16.528  INFO 5224 --- [    Test worker] com.zaxxer.hikari.HikariDataSource       : HikariPool-2 - Starting...
2022-01-27 20:30:16.529  INFO 5224 --- [    Test worker] com.zaxxer.hikari.HikariDataSource       : HikariPool-2 - Start completed.
2022-01-27 20:30:16.574  INFO 5224 --- [    Test worker] o.hibernate.jpa.internal.util.LogHelper  : HHH000204: Processing PersistenceUnitInfo [
	name: default
	...]
2022-01-27 20:30:16.601  INFO 5224 --- [    Test worker] org.hibernate.dialect.Dialect            : HHH000400: Using dialect: org.hibernate.dialect.MySQL5InnoDBDialect
Hibernate: drop table if exists posts
Hibernate: drop table if exists user
Hibernate: create table posts (id bigint not null auto_increment, create_date datetime, modified_date datetime, author varchar(255), content TEXT not null, title varchar(500) not null, primary key (id)) engine=InnoDB
Hibernate: create table user (id bigint not null auto_increment, create_date datetime, modified_date datetime, email varchar(255) not null, name varchar(255) not null, picture varchar(255), role varchar(255) not null, primary key (id)) engine=InnoDB
2022-01-27 20:30:16.662  INFO 5224 --- [    Test worker] o.h.t.schema.internal.SchemaCreatorImpl  : HHH000476: Executing import script 'org.hibernate.tool.schema.internal.exec.ScriptSourceInputNonExistentImpl@201c19f6'
2022-01-27 20:30:16.662  INFO 5224 --- [    Test worker] j.LocalContainerEntityManagerFactoryBean : Initialized JPA EntityManagerFactory for persistence unit 'default'
2022-01-27 20:30:16.961  INFO 5224 --- [    Test worker] o.h.h.i.QueryTranslatorFactoryInitiator  : HHH000397: Using ASTQueryTranslatorFactory
2022-01-27 20:30:17.091  INFO 5224 --- [    Test worker] o.s.s.web.DefaultSecurityFilterChain     : Creating filter chain: any request, [org.springframework.security.web.context.request.async.WebAsyncManagerIntegrationFilter@47d92c11, org.springframework.security.web.context.SecurityContextPersistenceFilter@4746c960, org.springframework.security.web.header.HeaderWriterFilter@5459ce1e, org.springframework.security.web.authentication.logout.LogoutFilter@7774bbb3, org.springframework.security.oauth2.client.web.OAuth2AuthorizationRequestRedirectFilter@598098a7, org.springframework.security.oauth2.client.web.OAuth2LoginAuthenticationFilter@3c4b2200, org.springframework.security.web.authentication.ui.DefaultLoginPageGeneratingFilter@6887fcb, org.springframework.security.web.authentication.ui.DefaultLogoutPageGeneratingFilter@33de0331, org.springframework.security.web.savedrequest.RequestCacheAwareFilter@5685ff59, org.springframework.security.web.servletapi.SecurityContextHolderAwareRequestFilter@4c36f2a9, org.springframework.security.web.authentication.AnonymousAuthenticationFilter@6e46e04d, org.springframework.security.web.session.SessionManagementFilter@4c70d094, org.springframework.security.web.access.ExceptionTranslationFilter@d73942d, org.springframework.security.web.access.intercept.FilterSecurityInterceptor@4d172c8f]
2022-01-27 20:30:17.244  INFO 5224 --- [    Test worker] o.s.s.concurrent.ThreadPoolTaskExecutor  : Initializing ExecutorService 'applicationTaskExecutor'
2022-01-27 20:30:17.254  WARN 5224 --- [    Test worker] aWebConfiguration$JpaWebMvcConfiguration : spring.jpa.open-in-view is enabled by default. Therefore, database queries may be performed during view rendering. Explicitly configure spring.jpa.open-in-view to disable this warning
2022-01-27 20:30:17.286  INFO 5224 --- [    Test worker] o.s.b.a.w.s.WelcomePageHandlerMapping    : Adding welcome page template: index
2022-01-27 20:30:17.513  INFO 5224 --- [    Test worker] s.a.ScheduledAnnotationBeanPostProcessor : No TaskScheduler/ScheduledExecutorService bean found for scheduled processing
2022-01-27 20:30:17.538  INFO 5224 --- [    Test worker] o.s.b.w.embedded.tomcat.TomcatWebServer  : Tomcat started on port(s): 63165 (http) with context path ''
2022-01-27 20:30:17.539  INFO 5224 --- [    Test worker] c.p.j.s.web.IndexControllerTest          : Started IndexControllerTest in 2.252 seconds (JVM running for 11.249)
2022-01-27 20:30:17.640  INFO 5224 --- [o-auto-1-exec-1] o.a.c.c.C.[Tomcat].[localhost].[/]       : Initializing Spring DispatcherServlet 'dispatcherServlet'
2022-01-27 20:30:17.640  INFO 5224 --- [o-auto-1-exec-1] o.s.web.servlet.DispatcherServlet        : Initializing Servlet 'dispatcherServlet'
2022-01-27 20:30:17.662  INFO 5224 --- [o-auto-1-exec-1] o.s.web.servlet.DispatcherServlet        : Completed initialization in 22 ms
Hibernate: select posts0_.id as id1_0_, posts0_.create_date as create_d2_0_, posts0_.modified_date as modified3_0_, posts0_.author as author4_0_, posts0_.content as content5_0_, posts0_.title as title6_0_ from posts posts0_ order by posts0_.id DESC
]]></system-out>
  <system-err><![CDATA[]]></system-err>
</testsuite>
