<?xml version="1.0" encoding="UTF-8"?>
<testsuite name="com.pkjohn.jhparkweb.springboot.web.IndexControllerTest" tests="1" skipped="0" failures="0" errors="0" timestamp="2022-01-31T13:52:05" hostname="LAPTOP-K9ASM004" time="0.208">
  <properties/>
  <testcase name="메인페이지_로딩" classname="com.pkjohn.jhparkweb.springboot.web.IndexControllerTest" time="0.208"/>
  <system-out><![CDATA[2022-01-31 22:52:03.339  INFO 5140 --- [    Test worker] .b.t.c.SpringBootTestContextBootstrapper : Neither @ContextConfiguration nor @ContextHierarchy found for test class [com.pkjohn.jhparkweb.springboot.web.IndexControllerTest], using SpringBootContextLoader
2022-01-31 22:52:03.339  INFO 5140 --- [    Test worker] o.s.t.c.support.AbstractContextLoader    : Could not detect default resource locations for test class [com.pkjohn.jhparkweb.springboot.web.IndexControllerTest]: no resource found for suffixes {-context.xml, Context.groovy}.
2022-01-31 22:52:03.340  INFO 5140 --- [    Test worker] t.c.s.AnnotationConfigContextLoaderUtils : Could not detect default configuration classes for test class [com.pkjohn.jhparkweb.springboot.web.IndexControllerTest]: IndexControllerTest does not declare any static, non-private, non-final, nested classes annotated with @Configuration.
2022-01-31 22:52:03.341  INFO 5140 --- [    Test worker] .b.t.c.SpringBootTestContextBootstrapper : Found @SpringBootConfiguration com.pkjohn.jhparkweb.springboot.Application for test class com.pkjohn.jhparkweb.springboot.web.IndexControllerTest
2022-01-31 22:52:03.342  INFO 5140 --- [    Test worker] .b.t.c.SpringBootTestContextBootstrapper : Loaded default TestExecutionListener class names from location [META-INF/spring.factories]: [org.springframework.security.test.context.support.WithSecurityContextTestExecutionListener, org.springframework.security.test.context.support.ReactorContextTestExecutionListener, org.springframework.boot.test.autoconfigure.restdocs.RestDocsTestExecutionListener, org.springframework.boot.test.autoconfigure.web.client.MockRestServiceServerResetTestExecutionListener, org.springframework.boot.test.autoconfigure.web.servlet.MockMvcPrintOnlyOnFailureTestExecutionListener, org.springframework.boot.test.autoconfigure.web.servlet.WebDriverTestExecutionListener, org.springframework.boot.test.mock.mockito.MockitoTestExecutionListener, org.springframework.boot.test.mock.mockito.ResetMocksTestExecutionListener, org.springframework.test.context.web.ServletTestExecutionListener, org.springframework.test.context.support.DirtiesContextBeforeModesTestExecutionListener, org.springframework.test.context.support.DependencyInjectionTestExecutionListener, org.springframework.test.context.support.DirtiesContextTestExecutionListener, org.springframework.test.context.transaction.TransactionalTestExecutionListener, org.springframework.test.context.jdbc.SqlScriptsTestExecutionListener]
2022-01-31 22:52:03.343  INFO 5140 --- [    Test worker] .b.t.c.SpringBootTestContextBootstrapper : Using TestExecutionListeners: [org.springframework.test.context.web.ServletTestExecutionListener@5e0c6ebc, org.springframework.test.context.support.DirtiesContextBeforeModesTestExecutionListener@66fa83a0, org.springframework.boot.test.mock.mockito.MockitoTestExecutionListener@32680596, org.springframework.boot.test.autoconfigure.SpringBootDependencyInjectionTestExecutionListener@4e4dd4a6, org.springframework.test.context.support.DirtiesContextTestExecutionListener@73093a5d, org.springframework.test.context.transaction.TransactionalTestExecutionListener@415c401f, org.springframework.test.context.jdbc.SqlScriptsTestExecutionListener@33eab917, org.springframework.security.test.context.support.WithSecurityContextTestExecutionListener@13a2a328, org.springframework.security.test.context.support.ReactorContextTestExecutionListener@29c3a8d3, org.springframework.boot.test.autoconfigure.restdocs.RestDocsTestExecutionListener@a3c594c, org.springframework.boot.test.autoconfigure.web.client.MockRestServiceServerResetTestExecutionListener@6cf87b1d, org.springframework.boot.test.autoconfigure.web.servlet.MockMvcPrintOnlyOnFailureTestExecutionListener@6a453e49, org.springframework.boot.test.autoconfigure.web.servlet.WebDriverTestExecutionListener@5e7496e2, org.springframework.boot.test.mock.mockito.ResetMocksTestExecutionListener@366a5259]

  .   ____          _            __ _ _
 /\\ / ___'_ __ _ _(_)_ __  __ _ \ \ \ \
( ( )\___ | '_ | '_| | '_ \/ _` | \ \ \ \
 \\/  ___)| |_)| | | | | || (_| |  ) ) ) )
  '  |____| .__|_| |_|_| |_\__, | / / / /
 =========|_|==============|___/=/_/_/_/
 :: Spring Boot ::        (v2.1.9.RELEASE)

2022-01-31 22:52:03.378  INFO 5140 --- [    Test worker] c.p.j.s.web.IndexControllerTest          : Starting IndexControllerTest on LAPTOP-K9ASM004 with PID 5140 (started by pkjoh in D:\study\jhparkweb)
2022-01-31 22:52:03.379  INFO 5140 --- [    Test worker] c.p.j.s.web.IndexControllerTest          : No active profile set, falling back to default profiles: default
2022-01-31 22:52:03.642  INFO 5140 --- [    Test worker] .s.d.r.c.RepositoryConfigurationDelegate : Bootstrapping Spring Data repositories in DEFAULT mode.
2022-01-31 22:52:03.681  INFO 5140 --- [    Test worker] .s.d.r.c.RepositoryConfigurationDelegate : Finished Spring Data repository scanning in 39ms. Found 2 repository interfaces.
2022-01-31 22:52:03.789  INFO 5140 --- [    Test worker] trationDelegate$BeanPostProcessorChecker : Bean 'org.springframework.transaction.annotation.ProxyTransactionManagementConfiguration' of type [org.springframework.transaction.annotation.ProxyTransactionManagementConfiguration$$EnhancerBySpringCGLIB$$b71bd82e] is not eligible for getting processed by all BeanPostProcessors (for example: not eligible for auto-proxying)
2022-01-31 22:52:04.074  INFO 5140 --- [    Test worker] o.s.b.w.embedded.tomcat.TomcatWebServer  : Tomcat initialized with port(s): 0 (http)
2022-01-31 22:52:04.112  INFO 5140 --- [    Test worker] o.apache.catalina.core.StandardService   : Starting service [Tomcat]
2022-01-31 22:52:04.112  INFO 5140 --- [    Test worker] org.apache.catalina.core.StandardEngine  : Starting Servlet engine: [Apache Tomcat/9.0.26]
2022-01-31 22:52:04.363  INFO 5140 --- [    Test worker] o.a.c.c.C.[Tomcat].[localhost].[/]       : Initializing Spring embedded WebApplicationContext
2022-01-31 22:52:04.363  INFO 5140 --- [    Test worker] o.s.web.context.ContextLoader            : Root WebApplicationContext: initialization completed in 981 ms
2022-01-31 22:52:04.555  INFO 5140 --- [    Test worker] com.zaxxer.hikari.HikariDataSource       : HikariPool-2 - Starting...
2022-01-31 22:52:04.557  INFO 5140 --- [    Test worker] com.zaxxer.hikari.HikariDataSource       : HikariPool-2 - Start completed.
2022-01-31 22:52:04.612  INFO 5140 --- [    Test worker] o.hibernate.jpa.internal.util.LogHelper  : HHH000204: Processing PersistenceUnitInfo [
	name: default
	...]
2022-01-31 22:52:04.630  INFO 5140 --- [    Test worker] org.hibernate.dialect.Dialect            : HHH000400: Using dialect: org.hibernate.dialect.MySQL5InnoDBDialect
Hibernate: drop table if exists posts
Hibernate: drop table if exists user
Hibernate: create table posts (id bigint not null auto_increment, create_date datetime, modified_date datetime, author varchar(255), content TEXT not null, title varchar(500) not null, primary key (id)) engine=InnoDB
Hibernate: create table user (id bigint not null auto_increment, create_date datetime, modified_date datetime, email varchar(255) not null, name varchar(255) not null, picture varchar(255), role varchar(255) not null, primary key (id)) engine=InnoDB
2022-01-31 22:52:04.699  INFO 5140 --- [    Test worker] o.h.t.schema.internal.SchemaCreatorImpl  : HHH000476: Executing import script 'org.hibernate.tool.schema.internal.exec.ScriptSourceInputNonExistentImpl@3a8865a8'
2022-01-31 22:52:04.700  INFO 5140 --- [    Test worker] j.LocalContainerEntityManagerFactoryBean : Initialized JPA EntityManagerFactory for persistence unit 'default'
2022-01-31 22:52:05.030  INFO 5140 --- [    Test worker] o.h.h.i.QueryTranslatorFactoryInitiator  : HHH000397: Using ASTQueryTranslatorFactory
2022-01-31 22:52:05.170  INFO 5140 --- [    Test worker] o.s.s.web.DefaultSecurityFilterChain     : Creating filter chain: any request, [org.springframework.security.web.context.request.async.WebAsyncManagerIntegrationFilter@2170bf77, org.springframework.security.web.context.SecurityContextPersistenceFilter@31e3ded8, org.springframework.security.web.header.HeaderWriterFilter@6d91dc2b, org.springframework.security.web.authentication.logout.LogoutFilter@2556b540, org.springframework.security.oauth2.client.web.OAuth2AuthorizationRequestRedirectFilter@4dcf6d79, org.springframework.security.oauth2.client.web.OAuth2LoginAuthenticationFilter@794ce8a1, org.springframework.security.web.authentication.ui.DefaultLoginPageGeneratingFilter@a6cbfcb, org.springframework.security.web.authentication.ui.DefaultLogoutPageGeneratingFilter@2d446453, org.springframework.security.web.savedrequest.RequestCacheAwareFilter@701eeb3e, org.springframework.security.web.servletapi.SecurityContextHolderAwareRequestFilter@138d0192, org.springframework.security.web.authentication.AnonymousAuthenticationFilter@1bd67027, org.springframework.security.web.session.SessionManagementFilter@40db246c, org.springframework.security.web.access.ExceptionTranslationFilter@5402a7d5, org.springframework.security.web.access.intercept.FilterSecurityInterceptor@34c71ffd]
2022-01-31 22:52:05.371  INFO 5140 --- [    Test worker] o.s.s.concurrent.ThreadPoolTaskExecutor  : Initializing ExecutorService 'applicationTaskExecutor'
2022-01-31 22:52:05.392  WARN 5140 --- [    Test worker] aWebConfiguration$JpaWebMvcConfiguration : spring.jpa.open-in-view is enabled by default. Therefore, database queries may be performed during view rendering. Explicitly configure spring.jpa.open-in-view to disable this warning
2022-01-31 22:52:05.420  INFO 5140 --- [    Test worker] o.s.b.a.w.s.WelcomePageHandlerMapping    : Adding welcome page template: index
2022-01-31 22:52:05.704  INFO 5140 --- [    Test worker] s.a.ScheduledAnnotationBeanPostProcessor : No TaskScheduler/ScheduledExecutorService bean found for scheduled processing
2022-01-31 22:52:05.727  INFO 5140 --- [    Test worker] o.s.b.w.embedded.tomcat.TomcatWebServer  : Tomcat started on port(s): 52048 (http) with context path ''
2022-01-31 22:52:05.728  INFO 5140 --- [    Test worker] c.p.j.s.web.IndexControllerTest          : Started IndexControllerTest in 2.382 seconds (JVM running for 12.494)
2022-01-31 22:52:05.831  INFO 5140 --- [o-auto-1-exec-1] o.a.c.c.C.[Tomcat].[localhost].[/]       : Initializing Spring DispatcherServlet 'dispatcherServlet'
2022-01-31 22:52:05.832  INFO 5140 --- [o-auto-1-exec-1] o.s.web.servlet.DispatcherServlet        : Initializing Servlet 'dispatcherServlet'
2022-01-31 22:52:05.850  INFO 5140 --- [o-auto-1-exec-1] o.s.web.servlet.DispatcherServlet        : Completed initialization in 18 ms
Hibernate: select posts0_.id as id1_0_, posts0_.create_date as create_d2_0_, posts0_.modified_date as modified3_0_, posts0_.author as author4_0_, posts0_.content as content5_0_, posts0_.title as title6_0_ from posts posts0_ order by posts0_.id DESC
]]></system-out>
  <system-err><![CDATA[]]></system-err>
</testsuite>
