<?xml version="1.0" encoding="UTF-8"?>
<testsuite name="com.pkjohn.jhparkweb.springboot.web.PostsApiControllerTest" tests="2" skipped="0" failures="0" errors="0" timestamp="2022-02-06T04:39:38" hostname="LAPTOP-K9ASM004" time="0.141">
  <properties/>
  <testcase name="Posts_등록된다" classname="com.pkjohn.jhparkweb.springboot.web.PostsApiControllerTest" time="0.092"/>
  <testcase name="Posts_수정된다" classname="com.pkjohn.jhparkweb.springboot.web.PostsApiControllerTest" time="0.048"/>
  <system-out><![CDATA[2022-02-06 13:39:38.389  INFO 7560 --- [    Test worker] .b.t.c.SpringBootTestContextBootstrapper : Neither @ContextConfiguration nor @ContextHierarchy found for test class [com.pkjohn.jhparkweb.springboot.web.PostsApiControllerTest], using SpringBootContextLoader
2022-02-06 13:39:38.391  INFO 7560 --- [    Test worker] o.s.t.c.support.AbstractContextLoader    : Could not detect default resource locations for test class [com.pkjohn.jhparkweb.springboot.web.PostsApiControllerTest]: no resource found for suffixes {-context.xml, Context.groovy}.
2022-02-06 13:39:38.391  INFO 7560 --- [    Test worker] t.c.s.AnnotationConfigContextLoaderUtils : Could not detect default configuration classes for test class [com.pkjohn.jhparkweb.springboot.web.PostsApiControllerTest]: PostsApiControllerTest does not declare any static, non-private, non-final, nested classes annotated with @Configuration.
2022-02-06 13:39:38.393  INFO 7560 --- [    Test worker] .b.t.c.SpringBootTestContextBootstrapper : Found @SpringBootConfiguration com.pkjohn.jhparkweb.springboot.Application for test class com.pkjohn.jhparkweb.springboot.web.PostsApiControllerTest
2022-02-06 13:39:38.395  INFO 7560 --- [    Test worker] .b.t.c.SpringBootTestContextBootstrapper : Loaded default TestExecutionListener class names from location [META-INF/spring.factories]: [org.springframework.security.test.context.support.WithSecurityContextTestExecutionListener, org.springframework.security.test.context.support.ReactorContextTestExecutionListener, org.springframework.boot.test.autoconfigure.restdocs.RestDocsTestExecutionListener, org.springframework.boot.test.autoconfigure.web.client.MockRestServiceServerResetTestExecutionListener, org.springframework.boot.test.autoconfigure.web.servlet.MockMvcPrintOnlyOnFailureTestExecutionListener, org.springframework.boot.test.autoconfigure.web.servlet.WebDriverTestExecutionListener, org.springframework.boot.test.mock.mockito.MockitoTestExecutionListener, org.springframework.boot.test.mock.mockito.ResetMocksTestExecutionListener, org.springframework.test.context.web.ServletTestExecutionListener, org.springframework.test.context.support.DirtiesContextBeforeModesTestExecutionListener, org.springframework.test.context.support.DependencyInjectionTestExecutionListener, org.springframework.test.context.support.DirtiesContextTestExecutionListener, org.springframework.test.context.transaction.TransactionalTestExecutionListener, org.springframework.test.context.jdbc.SqlScriptsTestExecutionListener]
2022-02-06 13:39:38.396  INFO 7560 --- [    Test worker] .b.t.c.SpringBootTestContextBootstrapper : Using TestExecutionListeners: [org.springframework.test.context.web.ServletTestExecutionListener@8d08f5d, org.springframework.test.context.support.DirtiesContextBeforeModesTestExecutionListener@77fd5f4b, org.springframework.boot.test.mock.mockito.MockitoTestExecutionListener@143f3b48, org.springframework.boot.test.autoconfigure.SpringBootDependencyInjectionTestExecutionListener@3f427ed4, org.springframework.test.context.support.DirtiesContextTestExecutionListener@3364a406, org.springframework.test.context.transaction.TransactionalTestExecutionListener@2efea226, org.springframework.test.context.jdbc.SqlScriptsTestExecutionListener@437629ca, org.springframework.security.test.context.support.WithSecurityContextTestExecutionListener@6f6e5bae, org.springframework.security.test.context.support.ReactorContextTestExecutionListener@793c86d1, org.springframework.boot.test.autoconfigure.restdocs.RestDocsTestExecutionListener@2288f442, org.springframework.boot.test.autoconfigure.web.client.MockRestServiceServerResetTestExecutionListener@50c2b1a0, org.springframework.boot.test.autoconfigure.web.servlet.MockMvcPrintOnlyOnFailureTestExecutionListener@4d6c233d, org.springframework.boot.test.autoconfigure.web.servlet.WebDriverTestExecutionListener@50fb2e4f, org.springframework.boot.test.mock.mockito.ResetMocksTestExecutionListener@35b4faf6]
2022-02-06 13:39:38.409  INFO 7560 --- [    Test worker] o.a.c.c.C.[Tomcat].[localhost].[/]       : Initializing Spring TestDispatcherServlet ''
2022-02-06 13:39:38.409  INFO 7560 --- [    Test worker] o.s.t.web.servlet.TestDispatcherServlet  : Initializing Servlet ''
2022-02-06 13:39:38.412  INFO 7560 --- [    Test worker] o.s.t.web.servlet.TestDispatcherServlet  : Completed initialization in 3 ms
Hibernate: insert into posts (create_date, modified_date, author, content, title) values (?, ?, ?, ?, ?)
Hibernate: select posts0_.id as id1_0_, posts0_.create_date as create_d2_0_, posts0_.modified_date as modified3_0_, posts0_.author as author4_0_, posts0_.content as content5_0_, posts0_.title as title6_0_ from posts posts0_
Hibernate: select posts0_.id as id1_0_, posts0_.create_date as create_d2_0_, posts0_.modified_date as modified3_0_, posts0_.author as author4_0_, posts0_.content as content5_0_, posts0_.title as title6_0_ from posts posts0_
Hibernate: delete from posts where id=?
2022-02-06 13:39:38.499  INFO 7560 --- [    Test worker] o.a.c.c.C.[Tomcat].[localhost].[/]       : Initializing Spring TestDispatcherServlet ''
2022-02-06 13:39:38.499  INFO 7560 --- [    Test worker] o.s.t.web.servlet.TestDispatcherServlet  : Initializing Servlet ''
2022-02-06 13:39:38.504  INFO 7560 --- [    Test worker] o.s.t.web.servlet.TestDispatcherServlet  : Completed initialization in 5 ms
Hibernate: insert into posts (create_date, modified_date, author, content, title) values (?, ?, ?, ?, ?)
Hibernate: select posts0_.id as id1_0_0_, posts0_.create_date as create_d2_0_0_, posts0_.modified_date as modified3_0_0_, posts0_.author as author4_0_0_, posts0_.content as content5_0_0_, posts0_.title as title6_0_0_ from posts posts0_ where posts0_.id=?
Hibernate: update posts set create_date=?, modified_date=?, author=?, content=?, title=? where id=?
Hibernate: select posts0_.id as id1_0_, posts0_.create_date as create_d2_0_, posts0_.modified_date as modified3_0_, posts0_.author as author4_0_, posts0_.content as content5_0_, posts0_.title as title6_0_ from posts posts0_
Hibernate: select posts0_.id as id1_0_, posts0_.create_date as create_d2_0_, posts0_.modified_date as modified3_0_, posts0_.author as author4_0_, posts0_.content as content5_0_, posts0_.title as title6_0_ from posts posts0_
Hibernate: delete from posts where id=?
]]></system-out>
  <system-err><![CDATA[]]></system-err>
</testsuite>
