<?xml version="1.0" encoding="UTF-8"?>
<testsuite name="com.pkjohn.jhparkweb.springboot.web.PostsApiControllerTest" tests="2" skipped="0" failures="0" errors="0" timestamp="2022-01-31T13:52:05" hostname="LAPTOP-K9ASM004" time="0.12">
  <properties/>
  <testcase name="Posts_등록된다" classname="com.pkjohn.jhparkweb.springboot.web.PostsApiControllerTest" time="0.083"/>
  <testcase name="Posts_수정된다" classname="com.pkjohn.jhparkweb.springboot.web.PostsApiControllerTest" time="0.037"/>
  <system-out><![CDATA[2022-01-31 22:52:05.947  INFO 5140 --- [    Test worker] .b.t.c.SpringBootTestContextBootstrapper : Neither @ContextConfiguration nor @ContextHierarchy found for test class [com.pkjohn.jhparkweb.springboot.web.PostsApiControllerTest], using SpringBootContextLoader
2022-01-31 22:52:05.947  INFO 5140 --- [    Test worker] o.s.t.c.support.AbstractContextLoader    : Could not detect default resource locations for test class [com.pkjohn.jhparkweb.springboot.web.PostsApiControllerTest]: no resource found for suffixes {-context.xml, Context.groovy}.
2022-01-31 22:52:05.948  INFO 5140 --- [    Test worker] t.c.s.AnnotationConfigContextLoaderUtils : Could not detect default configuration classes for test class [com.pkjohn.jhparkweb.springboot.web.PostsApiControllerTest]: PostsApiControllerTest does not declare any static, non-private, non-final, nested classes annotated with @Configuration.
2022-01-31 22:52:05.950  INFO 5140 --- [    Test worker] .b.t.c.SpringBootTestContextBootstrapper : Found @SpringBootConfiguration com.pkjohn.jhparkweb.springboot.Application for test class com.pkjohn.jhparkweb.springboot.web.PostsApiControllerTest
2022-01-31 22:52:05.952  INFO 5140 --- [    Test worker] .b.t.c.SpringBootTestContextBootstrapper : Loaded default TestExecutionListener class names from location [META-INF/spring.factories]: [org.springframework.security.test.context.support.WithSecurityContextTestExecutionListener, org.springframework.security.test.context.support.ReactorContextTestExecutionListener, org.springframework.boot.test.autoconfigure.restdocs.RestDocsTestExecutionListener, org.springframework.boot.test.autoconfigure.web.client.MockRestServiceServerResetTestExecutionListener, org.springframework.boot.test.autoconfigure.web.servlet.MockMvcPrintOnlyOnFailureTestExecutionListener, org.springframework.boot.test.autoconfigure.web.servlet.WebDriverTestExecutionListener, org.springframework.boot.test.mock.mockito.MockitoTestExecutionListener, org.springframework.boot.test.mock.mockito.ResetMocksTestExecutionListener, org.springframework.test.context.web.ServletTestExecutionListener, org.springframework.test.context.support.DirtiesContextBeforeModesTestExecutionListener, org.springframework.test.context.support.DependencyInjectionTestExecutionListener, org.springframework.test.context.support.DirtiesContextTestExecutionListener, org.springframework.test.context.transaction.TransactionalTestExecutionListener, org.springframework.test.context.jdbc.SqlScriptsTestExecutionListener]
2022-01-31 22:52:05.954  INFO 5140 --- [    Test worker] .b.t.c.SpringBootTestContextBootstrapper : Using TestExecutionListeners: [org.springframework.test.context.web.ServletTestExecutionListener@28a1f125, org.springframework.test.context.support.DirtiesContextBeforeModesTestExecutionListener@3b8285cf, org.springframework.boot.test.mock.mockito.MockitoTestExecutionListener@52d32dc5, org.springframework.boot.test.autoconfigure.SpringBootDependencyInjectionTestExecutionListener@673e5088, org.springframework.test.context.support.DirtiesContextTestExecutionListener@40b1bd93, org.springframework.test.context.transaction.TransactionalTestExecutionListener@6f32e4b7, org.springframework.test.context.jdbc.SqlScriptsTestExecutionListener@24c45191, org.springframework.security.test.context.support.WithSecurityContextTestExecutionListener@316bff91, org.springframework.security.test.context.support.ReactorContextTestExecutionListener@7cfb810a, org.springframework.boot.test.autoconfigure.restdocs.RestDocsTestExecutionListener@414d57e, org.springframework.boot.test.autoconfigure.web.client.MockRestServiceServerResetTestExecutionListener@25a44b4, org.springframework.boot.test.autoconfigure.web.servlet.MockMvcPrintOnlyOnFailureTestExecutionListener@6ca3a419, org.springframework.boot.test.autoconfigure.web.servlet.WebDriverTestExecutionListener@4c708b56, org.springframework.boot.test.mock.mockito.ResetMocksTestExecutionListener@6e6d1883]
2022-01-31 22:52:05.964  INFO 5140 --- [    Test worker] o.a.c.c.C.[Tomcat].[localhost].[/]       : Initializing Spring TestDispatcherServlet ''
2022-01-31 22:52:05.964  INFO 5140 --- [    Test worker] o.s.t.web.servlet.TestDispatcherServlet  : Initializing Servlet ''
2022-01-31 22:52:05.967  INFO 5140 --- [    Test worker] o.s.t.web.servlet.TestDispatcherServlet  : Completed initialization in 3 ms
Hibernate: insert into posts (create_date, modified_date, author, content, title) values (?, ?, ?, ?, ?)
Hibernate: select posts0_.id as id1_0_, posts0_.create_date as create_d2_0_, posts0_.modified_date as modified3_0_, posts0_.author as author4_0_, posts0_.content as content5_0_, posts0_.title as title6_0_ from posts posts0_
Hibernate: select posts0_.id as id1_0_, posts0_.create_date as create_d2_0_, posts0_.modified_date as modified3_0_, posts0_.author as author4_0_, posts0_.content as content5_0_, posts0_.title as title6_0_ from posts posts0_
Hibernate: delete from posts where id=?
2022-01-31 22:52:06.044  INFO 5140 --- [    Test worker] o.a.c.c.C.[Tomcat].[localhost].[/]       : Initializing Spring TestDispatcherServlet ''
2022-01-31 22:52:06.044  INFO 5140 --- [    Test worker] o.s.t.web.servlet.TestDispatcherServlet  : Initializing Servlet ''
2022-01-31 22:52:06.048  INFO 5140 --- [    Test worker] o.s.t.web.servlet.TestDispatcherServlet  : Completed initialization in 4 ms
Hibernate: insert into posts (create_date, modified_date, author, content, title) values (?, ?, ?, ?, ?)
Hibernate: select posts0_.id as id1_0_0_, posts0_.create_date as create_d2_0_0_, posts0_.modified_date as modified3_0_0_, posts0_.author as author4_0_0_, posts0_.content as content5_0_0_, posts0_.title as title6_0_0_ from posts posts0_ where posts0_.id=?
Hibernate: update posts set create_date=?, modified_date=?, author=?, content=?, title=? where id=?
Hibernate: select posts0_.id as id1_0_, posts0_.create_date as create_d2_0_, posts0_.modified_date as modified3_0_, posts0_.author as author4_0_, posts0_.content as content5_0_, posts0_.title as title6_0_ from posts posts0_
Hibernate: select posts0_.id as id1_0_, posts0_.create_date as create_d2_0_, posts0_.modified_date as modified3_0_, posts0_.author as author4_0_, posts0_.content as content5_0_, posts0_.title as title6_0_ from posts posts0_
Hibernate: delete from posts where id=?
]]></system-out>
  <system-err><![CDATA[]]></system-err>
</testsuite>
