<?xml version="1.0" encoding="UTF-8"?>
<testsuite name="com.pkjohn.jhparkweb.springboot.web.HelloControllerTest" tests="2" skipped="0" failures="0" errors="0" timestamp="2022-02-06T04:39:35" hostname="LAPTOP-K9ASM004" time="0.157">
  <properties/>
  <testcase name="hello가_리턴된다" classname="com.pkjohn.jhparkweb.springboot.web.HelloControllerTest" time="0.071"/>
  <testcase name="helloDto가_리턴된다" classname="com.pkjohn.jhparkweb.springboot.web.HelloControllerTest" time="0.086"/>
  <system-out><![CDATA[2022-02-06 13:39:34.827  INFO 7560 --- [    Test worker] .b.t.a.w.s.WebMvcTestContextBootstrapper : Neither @ContextConfiguration nor @ContextHierarchy found for test class [com.pkjohn.jhparkweb.springboot.web.HelloControllerTest], using SpringBootContextLoader
2022-02-06 13:39:34.828  INFO 7560 --- [    Test worker] o.s.t.c.support.AbstractContextLoader    : Could not detect default resource locations for test class [com.pkjohn.jhparkweb.springboot.web.HelloControllerTest]: no resource found for suffixes {-context.xml, Context.groovy}.
2022-02-06 13:39:34.828  INFO 7560 --- [    Test worker] t.c.s.AnnotationConfigContextLoaderUtils : Could not detect default configuration classes for test class [com.pkjohn.jhparkweb.springboot.web.HelloControllerTest]: HelloControllerTest does not declare any static, non-private, non-final, nested classes annotated with @Configuration.
2022-02-06 13:39:34.856  INFO 7560 --- [    Test worker] .b.t.c.SpringBootTestContextBootstrapper : Found @SpringBootConfiguration com.pkjohn.jhparkweb.springboot.Application for test class com.pkjohn.jhparkweb.springboot.web.HelloControllerTest
2022-02-06 13:39:34.857  INFO 7560 --- [    Test worker] .b.t.a.w.s.WebMvcTestContextBootstrapper : Loaded default TestExecutionListener class names from location [META-INF/spring.factories]: [org.springframework.security.test.context.support.WithSecurityContextTestExecutionListener, org.springframework.security.test.context.support.ReactorContextTestExecutionListener, org.springframework.boot.test.autoconfigure.restdocs.RestDocsTestExecutionListener, org.springframework.boot.test.autoconfigure.web.client.MockRestServiceServerResetTestExecutionListener, org.springframework.boot.test.autoconfigure.web.servlet.MockMvcPrintOnlyOnFailureTestExecutionListener, org.springframework.boot.test.autoconfigure.web.servlet.WebDriverTestExecutionListener, org.springframework.boot.test.mock.mockito.MockitoTestExecutionListener, org.springframework.boot.test.mock.mockito.ResetMocksTestExecutionListener, org.springframework.test.context.web.ServletTestExecutionListener, org.springframework.test.context.support.DirtiesContextBeforeModesTestExecutionListener, org.springframework.test.context.support.DependencyInjectionTestExecutionListener, org.springframework.test.context.support.DirtiesContextTestExecutionListener, org.springframework.test.context.transaction.TransactionalTestExecutionListener, org.springframework.test.context.jdbc.SqlScriptsTestExecutionListener]
2022-02-06 13:39:34.858  INFO 7560 --- [    Test worker] .b.t.a.w.s.WebMvcTestContextBootstrapper : Using TestExecutionListeners: [org.springframework.test.context.web.ServletTestExecutionListener@70722903, org.springframework.test.context.support.DirtiesContextBeforeModesTestExecutionListener@59eba6f2, org.springframework.boot.test.mock.mockito.MockitoTestExecutionListener@7d207769, org.springframework.boot.test.autoconfigure.SpringBootDependencyInjectionTestExecutionListener@483427b4, org.springframework.test.context.support.DirtiesContextTestExecutionListener@29ef3580, org.springframework.test.context.transaction.TransactionalTestExecutionListener@2db7da79, org.springframework.test.context.jdbc.SqlScriptsTestExecutionListener@53526b99, org.springframework.security.test.context.support.WithSecurityContextTestExecutionListener@3a32ffc0, org.springframework.security.test.context.support.ReactorContextTestExecutionListener@6a219e33, org.springframework.boot.test.autoconfigure.restdocs.RestDocsTestExecutionListener@7956f51c, org.springframework.boot.test.autoconfigure.web.client.MockRestServiceServerResetTestExecutionListener@3918470c, org.springframework.boot.test.autoconfigure.web.servlet.MockMvcPrintOnlyOnFailureTestExecutionListener@14f96310, org.springframework.boot.test.autoconfigure.web.servlet.WebDriverTestExecutionListener@72cfa7ba, org.springframework.boot.test.mock.mockito.ResetMocksTestExecutionListener@3c7f42ea]

  .   ____          _            __ _ _
 /\\ / ___'_ __ _ _(_)_ __  __ _ \ \ \ \
( ( )\___ | '_ | '_| | '_ \/ _` | \ \ \ \
 \\/  ___)| |_)| | | | | || (_| |  ) ) ) )
  '  |____| .__|_| |_|_| |_\__, | / / / /
 =========|_|==============|___/=/_/_/_/
 :: Spring Boot ::        (v2.1.9.RELEASE)

2022-02-06 13:39:34.900  INFO 7560 --- [    Test worker] c.p.j.s.web.HelloControllerTest          : Starting HelloControllerTest on LAPTOP-K9ASM004 with PID 7560 (started by pkjoh in D:\study\jhparkweb)
2022-02-06 13:39:34.902  INFO 7560 --- [    Test worker] c.p.j.s.web.HelloControllerTest          : No active profile set, falling back to default profiles: default
2022-02-06 13:39:35.338  INFO 7560 --- [    Test worker] o.s.s.concurrent.ThreadPoolTaskExecutor  : Initializing ExecutorService 'applicationTaskExecutor'
2022-02-06 13:39:35.373  INFO 7560 --- [    Test worker] o.s.b.a.w.s.WelcomePageHandlerMapping    : Adding welcome page template: index
2022-02-06 13:39:35.559  INFO 7560 --- [    Test worker] .s.s.UserDetailsServiceAutoConfiguration : 

Using generated security password: 99125a15-09de-4582-98aa-e40bcad8f2e1

2022-02-06 13:39:35.674  INFO 7560 --- [    Test worker] o.s.s.web.DefaultSecurityFilterChain     : Creating filter chain: any request, [org.springframework.security.web.context.request.async.WebAsyncManagerIntegrationFilter@3d2f6eb9, org.springframework.security.web.context.SecurityContextPersistenceFilter@dad97dc, org.springframework.security.web.header.HeaderWriterFilter@28d14108, org.springframework.security.web.csrf.CsrfFilter@543b6690, org.springframework.security.web.authentication.logout.LogoutFilter@4a4f85eb, org.springframework.security.web.authentication.UsernamePasswordAuthenticationFilter@2931c4d9, org.springframework.security.web.authentication.ui.DefaultLoginPageGeneratingFilter@670ae4bd, org.springframework.security.web.authentication.ui.DefaultLogoutPageGeneratingFilter@48ca635a, org.springframework.security.web.authentication.www.BasicAuthenticationFilter@49e1f87b, org.springframework.security.web.savedrequest.RequestCacheAwareFilter@6fe19f12, org.springframework.security.web.servletapi.SecurityContextHolderAwareRequestFilter@4d1a4ae7, org.springframework.security.web.authentication.AnonymousAuthenticationFilter@eae7818, org.springframework.security.web.session.SessionManagementFilter@27d1bd64, org.springframework.security.web.access.ExceptionTranslationFilter@6410d7cc, org.springframework.security.web.access.intercept.FilterSecurityInterceptor@30014497]
2022-02-06 13:39:35.709  INFO 7560 --- [    Test worker] o.s.b.t.m.w.SpringBootMockServletContext : Initializing Spring TestDispatcherServlet ''
2022-02-06 13:39:35.709  INFO 7560 --- [    Test worker] o.s.t.web.servlet.TestDispatcherServlet  : Initializing Servlet ''
2022-02-06 13:39:35.724  INFO 7560 --- [    Test worker] o.s.t.web.servlet.TestDispatcherServlet  : Completed initialization in 15 ms
2022-02-06 13:39:35.755  INFO 7560 --- [    Test worker] c.p.j.s.web.HelloControllerTest          : Started HelloControllerTest in 0.893 seconds (JVM running for 11.741)
]]></system-out>
  <system-err><![CDATA[]]></system-err>
</testsuite>
