<?xml version="1.0" encoding="UTF-8"?>
<testsuite name="com.pkjohn.jhparkweb.springboot.web.IndexControllerTest" tests="1" skipped="0" failures="0" errors="0" timestamp="2022-02-06T04:39:38" hostname="LAPTOP-K9ASM004" time="0.246">
  <properties/>
  <testcase name="메인페이지_로딩" classname="com.pkjohn.jhparkweb.springboot.web.IndexControllerTest" time="0.246"/>
  <system-out><![CDATA[2022-02-06 13:39:35.917  INFO 7560 --- [    Test worker] .b.t.c.SpringBootTestContextBootstrapper : Neither @ContextConfiguration nor @ContextHierarchy found for test class [com.pkjohn.jhparkweb.springboot.web.IndexControllerTest], using SpringBootContextLoader
2022-02-06 13:39:35.918  INFO 7560 --- [    Test worker] o.s.t.c.support.AbstractContextLoader    : Could not detect default resource locations for test class [com.pkjohn.jhparkweb.springboot.web.IndexControllerTest]: no resource found for suffixes {-context.xml, Context.groovy}.
2022-02-06 13:39:35.918  INFO 7560 --- [    Test worker] t.c.s.AnnotationConfigContextLoaderUtils : Could not detect default configuration classes for test class [com.pkjohn.jhparkweb.springboot.web.IndexControllerTest]: IndexControllerTest does not declare any static, non-private, non-final, nested classes annotated with @Configuration.
2022-02-06 13:39:35.920  INFO 7560 --- [    Test worker] .b.t.c.SpringBootTestContextBootstrapper : Found @SpringBootConfiguration com.pkjohn.jhparkweb.springboot.Application for test class com.pkjohn.jhparkweb.springboot.web.IndexControllerTest
2022-02-06 13:39:35.922  INFO 7560 --- [    Test worker] .b.t.c.SpringBootTestContextBootstrapper : Loaded default TestExecutionListener class names from location [META-INF/spring.factories]: [org.springframework.security.test.context.support.WithSecurityContextTestExecutionListener, org.springframework.security.test.context.support.ReactorContextTestExecutionListener, org.springframework.boot.test.autoconfigure.restdocs.RestDocsTestExecutionListener, org.springframework.boot.test.autoconfigure.web.client.MockRestServiceServerResetTestExecutionListener, org.springframework.boot.test.autoconfigure.web.servlet.MockMvcPrintOnlyOnFailureTestExecutionListener, org.springframework.boot.test.autoconfigure.web.servlet.WebDriverTestExecutionListener, org.springframework.boot.test.mock.mockito.MockitoTestExecutionListener, org.springframework.boot.test.mock.mockito.ResetMocksTestExecutionListener, org.springframework.test.context.web.ServletTestExecutionListener, org.springframework.test.context.support.DirtiesContextBeforeModesTestExecutionListener, org.springframework.test.context.support.DependencyInjectionTestExecutionListener, org.springframework.test.context.support.DirtiesContextTestExecutionListener, org.springframework.test.context.transaction.TransactionalTestExecutionListener, org.springframework.test.context.jdbc.SqlScriptsTestExecutionListener]
2022-02-06 13:39:35.923  INFO 7560 --- [    Test worker] .b.t.c.SpringBootTestContextBootstrapper : Using TestExecutionListeners: [org.springframework.test.context.web.ServletTestExecutionListener@3d25c136, org.springframework.test.context.support.DirtiesContextBeforeModesTestExecutionListener@2d756f8a, org.springframework.boot.test.mock.mockito.MockitoTestExecutionListener@55992b97, org.springframework.boot.test.autoconfigure.SpringBootDependencyInjectionTestExecutionListener@28a90037, org.springframework.test.context.support.DirtiesContextTestExecutionListener@3b165865, org.springframework.test.context.transaction.TransactionalTestExecutionListener@3d1979b2, org.springframework.test.context.jdbc.SqlScriptsTestExecutionListener@21403815, org.springframework.security.test.context.support.WithSecurityContextTestExecutionListener@41882cb2, org.springframework.security.test.context.support.ReactorContextTestExecutionListener@48548196, org.springframework.boot.test.autoconfigure.restdocs.RestDocsTestExecutionListener@3ef6b5c7, org.springframework.boot.test.autoconfigure.web.client.MockRestServiceServerResetTestExecutionListener@1e56a29c, org.springframework.boot.test.autoconfigure.web.servlet.MockMvcPrintOnlyOnFailureTestExecutionListener@1ebbf058, org.springframework.boot.test.autoconfigure.web.servlet.WebDriverTestExecutionListener@720f9a28, org.springframework.boot.test.mock.mockito.ResetMocksTestExecutionListener@79dc5123]

  .   ____          _            __ _ _
 /\\ / ___'_ __ _ _(_)_ __  __ _ \ \ \ \
( ( )\___ | '_ | '_| | '_ \/ _` | \ \ \ \
 \\/  ___)| |_)| | | | | || (_| |  ) ) ) )
  '  |____| .__|_| |_|_| |_\__, | / / / /
 =========|_|==============|___/=/_/_/_/
 :: Spring Boot ::        (v2.1.9.RELEASE)

2022-02-06 13:39:35.958  INFO 7560 --- [    Test worker] c.p.j.s.web.IndexControllerTest          : Starting IndexControllerTest on LAPTOP-K9ASM004 with PID 7560 (started by pkjoh in D:\study\jhparkweb)
2022-02-06 13:39:35.959  INFO 7560 --- [    Test worker] c.p.j.s.web.IndexControllerTest          : No active profile set, falling back to default profiles: default
2022-02-06 13:39:36.170  INFO 7560 --- [    Test worker] .s.d.r.c.RepositoryConfigurationDelegate : Bootstrapping Spring Data repositories in DEFAULT mode.
2022-02-06 13:39:36.186  INFO 7560 --- [    Test worker] .s.d.r.c.RepositoryConfigurationDelegate : Finished Spring Data repository scanning in 16ms. Found 2 repository interfaces.
2022-02-06 13:39:36.297  INFO 7560 --- [    Test worker] trationDelegate$BeanPostProcessorChecker : Bean 'org.springframework.transaction.annotation.ProxyTransactionManagementConfiguration' of type [org.springframework.transaction.annotation.ProxyTransactionManagementConfiguration$$EnhancerBySpringCGLIB$$c201ec6e] is not eligible for getting processed by all BeanPostProcessors (for example: not eligible for auto-proxying)
2022-02-06 13:39:36.563  INFO 7560 --- [    Test worker] o.s.b.w.embedded.tomcat.TomcatWebServer  : Tomcat initialized with port(s): 0 (http)
2022-02-06 13:39:36.598  INFO 7560 --- [    Test worker] o.apache.catalina.core.StandardService   : Starting service [Tomcat]
2022-02-06 13:39:36.599  INFO 7560 --- [    Test worker] org.apache.catalina.core.StandardEngine  : Starting Servlet engine: [Apache Tomcat/9.0.26]
2022-02-06 13:39:36.824  INFO 7560 --- [    Test worker] o.a.c.c.C.[Tomcat].[localhost].[/]       : Initializing Spring embedded WebApplicationContext
2022-02-06 13:39:36.825  INFO 7560 --- [    Test worker] o.s.web.context.ContextLoader            : Root WebApplicationContext: initialization completed in 863 ms
2022-02-06 13:39:37.029  INFO 7560 --- [    Test worker] com.zaxxer.hikari.HikariDataSource       : HikariPool-2 - Starting...
2022-02-06 13:39:37.031  INFO 7560 --- [    Test worker] com.zaxxer.hikari.HikariDataSource       : HikariPool-2 - Start completed.
2022-02-06 13:39:37.067  INFO 7560 --- [    Test worker] o.hibernate.jpa.internal.util.LogHelper  : HHH000204: Processing PersistenceUnitInfo [
	name: default
	...]
2022-02-06 13:39:37.076  INFO 7560 --- [    Test worker] org.hibernate.dialect.Dialect            : HHH000400: Using dialect: org.hibernate.dialect.MySQL5InnoDBDialect
Hibernate: drop table if exists posts
Hibernate: drop table if exists user
Hibernate: create table posts (id bigint not null auto_increment, create_date datetime, modified_date datetime, author varchar(255), content TEXT not null, title varchar(500) not null, primary key (id)) engine=InnoDB
Hibernate: create table user (id bigint not null auto_increment, create_date datetime, modified_date datetime, email varchar(255) not null, name varchar(255) not null, picture varchar(255), role varchar(255) not null, primary key (id)) engine=InnoDB
2022-02-06 13:39:37.136  INFO 7560 --- [    Test worker] o.h.t.schema.internal.SchemaCreatorImpl  : HHH000476: Executing import script 'org.hibernate.tool.schema.internal.exec.ScriptSourceInputNonExistentImpl@5b634061'
2022-02-06 13:39:37.136  INFO 7560 --- [    Test worker] j.LocalContainerEntityManagerFactoryBean : Initialized JPA EntityManagerFactory for persistence unit 'default'
2022-02-06 13:39:37.457  INFO 7560 --- [    Test worker] o.h.h.i.QueryTranslatorFactoryInitiator  : HHH000397: Using ASTQueryTranslatorFactory
2022-02-06 13:39:37.620  INFO 7560 --- [    Test worker] o.s.s.web.DefaultSecurityFilterChain     : Creating filter chain: any request, [org.springframework.security.web.context.request.async.WebAsyncManagerIntegrationFilter@4082649a, org.springframework.security.web.context.SecurityContextPersistenceFilter@382ebe7f, org.springframework.security.web.header.HeaderWriterFilter@56d6fbeb, org.springframework.security.web.authentication.logout.LogoutFilter@5c4dbf3b, org.springframework.security.oauth2.client.web.OAuth2AuthorizationRequestRedirectFilter@72a5f405, org.springframework.security.oauth2.client.web.OAuth2LoginAuthenticationFilter@5046bdff, org.springframework.security.web.authentication.ui.DefaultLoginPageGeneratingFilter@115d2629, org.springframework.security.web.authentication.ui.DefaultLogoutPageGeneratingFilter@7ed59f95, org.springframework.security.web.savedrequest.RequestCacheAwareFilter@76033b8f, org.springframework.security.web.servletapi.SecurityContextHolderAwareRequestFilter@176b9f07, org.springframework.security.web.authentication.AnonymousAuthenticationFilter@238d4996, org.springframework.security.web.session.SessionManagementFilter@506acb48, org.springframework.security.web.access.ExceptionTranslationFilter@346f5184, org.springframework.security.web.access.intercept.FilterSecurityInterceptor@73f9a215]
2022-02-06 13:39:37.819  INFO 7560 --- [    Test worker] o.s.s.concurrent.ThreadPoolTaskExecutor  : Initializing ExecutorService 'applicationTaskExecutor'
2022-02-06 13:39:37.834  WARN 7560 --- [    Test worker] aWebConfiguration$JpaWebMvcConfiguration : spring.jpa.open-in-view is enabled by default. Therefore, database queries may be performed during view rendering. Explicitly configure spring.jpa.open-in-view to disable this warning
2022-02-06 13:39:37.861  INFO 7560 --- [    Test worker] o.s.b.a.w.s.WelcomePageHandlerMapping    : Adding welcome page template: index
2022-02-06 13:39:38.103  INFO 7560 --- [    Test worker] s.a.ScheduledAnnotationBeanPostProcessor : No TaskScheduler/ScheduledExecutorService bean found for scheduled processing
2022-02-06 13:39:38.134  INFO 7560 --- [    Test worker] o.s.b.w.embedded.tomcat.TomcatWebServer  : Tomcat started on port(s): 51970 (http) with context path ''
2022-02-06 13:39:38.135  INFO 7560 --- [    Test worker] c.p.j.s.web.IndexControllerTest          : Started IndexControllerTest in 2.21 seconds (JVM running for 14.121)
2022-02-06 13:39:38.243  INFO 7560 --- [o-auto-1-exec-1] o.a.c.c.C.[Tomcat].[localhost].[/]       : Initializing Spring DispatcherServlet 'dispatcherServlet'
2022-02-06 13:39:38.244  INFO 7560 --- [o-auto-1-exec-1] o.s.web.servlet.DispatcherServlet        : Initializing Servlet 'dispatcherServlet'
2022-02-06 13:39:38.268  INFO 7560 --- [o-auto-1-exec-1] o.s.web.servlet.DispatcherServlet        : Completed initialization in 24 ms
Hibernate: select posts0_.id as id1_0_, posts0_.create_date as create_d2_0_, posts0_.modified_date as modified3_0_, posts0_.author as author4_0_, posts0_.content as content5_0_, posts0_.title as title6_0_ from posts posts0_ order by posts0_.id DESC
]]></system-out>
  <system-err><![CDATA[]]></system-err>
</testsuite>
